mode: set
wallet-simulator/internal/config/config.go:50.21,82.2 20 0
wallet-simulator/internal/config/config.go:85.34,95.2 1 0
wallet-simulator/internal/config/config.go:98.34,111.2 11 0
wallet-simulator/internal/config/config.go:114.46,115.48 1 0
wallet-simulator/internal/config/config.go:115.48,117.3 1 0
wallet-simulator/internal/config/config.go:118.2,118.21 1 0
wallet-simulator/internal/config/config.go:121.50,122.48 1 0
wallet-simulator/internal/config/config.go:122.48,123.53 1 0
wallet-simulator/internal/config/config.go:123.53,125.4 1 0
wallet-simulator/internal/config/config.go:127.2,127.21 1 0
wallet-simulator/cmd/cli/main.go:15.13,17.22 1 0
wallet-simulator/cmd/cli/main.go:17.22,20.3 2 0
wallet-simulator/cmd/cli/main.go:22.2,30.16 5 0
wallet-simulator/cmd/cli/main.go:30.16,32.3 1 0
wallet-simulator/cmd/cli/main.go:33.2,36.34 2 0
wallet-simulator/cmd/cli/main.go:36.34,38.3 1 0
wallet-simulator/cmd/cli/main.go:39.2,42.17 2 0
wallet-simulator/cmd/cli/main.go:43.17,46.33 1 0
wallet-simulator/cmd/cli/main.go:47.14,48.17 1 0
wallet-simulator/cmd/cli/main.go:49.17,50.20 1 0
wallet-simulator/cmd/cli/main.go:51.15,52.18 1 0
wallet-simulator/cmd/cli/main.go:53.10,56.13 3 0
wallet-simulator/cmd/cli/main.go:60.47,63.40 2 0
wallet-simulator/cmd/cli/main.go:63.40,64.34 1 0
wallet-simulator/cmd/cli/main.go:64.34,66.4 1 0
wallet-simulator/cmd/cli/main.go:67.8,68.32 1 0
wallet-simulator/cmd/cli/main.go:68.32,70.4 1 0
wallet-simulator/cmd/cli/main.go:74.29,76.33 2 0
wallet-simulator/cmd/cli/main.go:76.33,78.3 1 0
wallet-simulator/cmd/cli/main.go:81.32,88.33 4 0
wallet-simulator/cmd/cli/main.go:88.33,90.3 1 0
wallet-simulator/cmd/cli/main.go:93.2,93.31 1 0
wallet-simulator/cmd/cli/main.go:93.31,95.3 1 0
wallet-simulator/cmd/cli/main.go:98.2,98.33 1 0
wallet-simulator/cmd/cli/main.go:98.33,100.3 1 0
wallet-simulator/cmd/cli/main.go:102.2,102.47 1 0
wallet-simulator/cmd/cli/main.go:105.30,107.34 2 0
wallet-simulator/cmd/cli/main.go:107.34,109.3 1 0
wallet-simulator/cmd/cli/main.go:112.19,145.2 1 0
wallet-simulator/internal/migration/migration.go:15.32,17.2 1 0
wallet-simulator/internal/migration/migration.go:20.31,65.39 3 0
wallet-simulator/internal/migration/migration.go:65.39,67.53 2 0
wallet-simulator/internal/migration/migration.go:67.53,69.4 1 0
wallet-simulator/internal/migration/migration.go:70.3,70.51 1 0
wallet-simulator/internal/migration/migration.go:73.2,74.12 2 0
wallet-simulator/internal/migration/migration.go:78.33,85.31 3 0
wallet-simulator/internal/migration/migration.go:85.31,87.93 2 0
wallet-simulator/internal/migration/migration.go:87.93,89.4 1 0
wallet-simulator/internal/migration/migration.go:90.3,90.46 1 0
wallet-simulator/internal/migration/migration.go:93.2,94.12 2 0
wallet-simulator/internal/metrics/metrics.go:33.21,136.2 1 0
wallet-simulator/cmd/main.go:29.13,40.16 6 0
wallet-simulator/cmd/main.go:40.16,42.3 1 0
wallet-simulator/cmd/main.go:43.2,50.34 5 0
wallet-simulator/cmd/main.go:50.34,52.3 1 0
wallet-simulator/cmd/main.go:53.2,57.38 3 0
wallet-simulator/cmd/main.go:57.38,59.3 1 0
wallet-simulator/cmd/main.go:61.2,65.15 3 0
wallet-simulator/cmd/main.go:65.15,67.63 2 0
wallet-simulator/cmd/main.go:67.63,69.4 1 0
wallet-simulator/cmd/main.go:73.2,82.45 6 0
wallet-simulator/cmd/main.go:82.45,83.72 1 0
wallet-simulator/cmd/main.go:83.72,89.29 5 0
wallet-simulator/cmd/main.go:89.29,92.5 2 0
wallet-simulator/cmd/main.go:94.4,94.24 1 0
wallet-simulator/cmd/main.go:98.2,101.65 2 0
wallet-simulator/cmd/main.go:101.65,103.3 1 0
wallet-simulator/cmd/main.go:105.2,105.70 1 0
wallet-simulator/cmd/main.go:105.70,108.3 2 0
wallet-simulator/cmd/main.go:111.2,124.12 3 0
wallet-simulator/cmd/main.go:124.12,133.46 7 0
wallet-simulator/cmd/main.go:133.46,135.4 1 0
wallet-simulator/cmd/main.go:139.2,153.79 14 0
wallet-simulator/cmd/main.go:153.79,155.3 1 0
wallet-simulator/cmd/main.go:157.2,157.35 1 0
wallet-simulator/internal/tasks/bank_withdrawal.go:21.126,28.2 1 0
wallet-simulator/internal/tasks/bank_withdrawal.go:31.65,33.2 1 0
wallet-simulator/internal/tasks/bank_withdrawal.go:35.93,38.53 2 0
wallet-simulator/internal/tasks/bank_withdrawal.go:38.53,39.10 1 0
wallet-simulator/internal/tasks/bank_withdrawal.go:40.21,42.20 2 0
wallet-simulator/internal/tasks/bank_withdrawal.go:43.11,43.11 0 0
wallet-simulator/internal/tasks/bank_withdrawal.go:46.3,46.27 1 0
wallet-simulator/internal/tasks/bank_withdrawal.go:46.27,48.87 2 0
wallet-simulator/internal/tasks/bank_withdrawal.go:48.87,51.5 2 0
wallet-simulator/internal/tasks/bank_withdrawal.go:52.4,52.14 1 0
wallet-simulator/internal/tasks/bank_withdrawal.go:55.3,56.27 2 0
wallet-simulator/internal/tasks/bank_withdrawal.go:56.27,60.11 3 0
wallet-simulator/internal/tasks/bank_withdrawal.go:61.31,61.31 0 0
wallet-simulator/internal/tasks/bank_withdrawal.go:62.22,63.21 1 0
wallet-simulator/internal/tasks/bank_withdrawal.go:68.2,69.82 2 0
wallet-simulator/internal/tasks/bank_withdrawal.go:69.82,71.3 1 0
wallet-simulator/internal/tasks/bank_withdrawal.go:72.2,72.16 1 0
wallet-simulator/internal/repository/repository.go:15.44,17.2 1 0
wallet-simulator/internal/repository/repository.go:19.151,26.26 4 0
wallet-simulator/internal/repository/repository.go:26.26,28.3 1 0
wallet-simulator/internal/repository/repository.go:29.2,30.16 2 0
wallet-simulator/internal/repository/repository.go:33.98,40.16 3 0
wallet-simulator/internal/repository/repository.go:40.16,42.3 1 0
wallet-simulator/internal/repository/repository.go:43.2,46.18 3 0
wallet-simulator/internal/repository/repository.go:46.18,50.17 4 0
wallet-simulator/internal/repository/repository.go:50.17,52.4 1 0
wallet-simulator/internal/repository/repository.go:53.3,53.22 1 0
wallet-simulator/internal/repository/repository.go:53.22,55.4 1 0
wallet-simulator/internal/repository/repository.go:56.3,56.41 1 0
wallet-simulator/internal/repository/repository.go:59.2,61.33 3 0
wallet-simulator/internal/repository/repository.go:64.65,68.2 3 0
wallet-simulator/internal/repository/repository.go:70.72,79.2 4 0
wallet-simulator/internal/repository/repository.go:81.106,83.16 2 0
wallet-simulator/internal/repository/repository.go:83.16,85.3 1 0
wallet-simulator/internal/repository/repository.go:87.2,89.16 3 0
wallet-simulator/internal/repository/repository.go:89.16,92.3 2 0
wallet-simulator/internal/repository/repository.go:92.8,92.43 1 0
wallet-simulator/internal/repository/repository.go:92.43,95.3 2 0
wallet-simulator/internal/repository/repository.go:97.2,98.16 2 0
wallet-simulator/internal/repository/repository.go:98.16,101.3 2 0
wallet-simulator/internal/repository/repository.go:102.2,102.20 1 0
wallet-simulator/internal/repository/repository.go:105.86,107.16 2 0
wallet-simulator/internal/repository/repository.go:107.16,109.3 1 0
wallet-simulator/internal/repository/repository.go:111.2,112.16 2 0
wallet-simulator/internal/repository/repository.go:112.16,115.3 2 0
wallet-simulator/internal/repository/repository.go:116.2,116.27 1 0
wallet-simulator/internal/repository/repository.go:116.27,119.3 2 0
wallet-simulator/internal/repository/repository.go:121.2,123.16 3 0
wallet-simulator/internal/repository/repository.go:123.16,126.3 2 0
wallet-simulator/internal/repository/repository.go:126.8,126.43 1 0
wallet-simulator/internal/repository/repository.go:126.43,129.3 2 0
wallet-simulator/internal/repository/repository.go:132.2,133.16 2 0
wallet-simulator/internal/repository/repository.go:133.16,136.3 2 0
wallet-simulator/internal/repository/repository.go:137.2,137.20 1 0
wallet-simulator/internal/repository/repository.go:141.89,144.16 3 0
wallet-simulator/internal/repository/repository.go:144.16,146.3 1 0
wallet-simulator/internal/repository/repository.go:148.2,149.16 2 0
wallet-simulator/internal/repository/repository.go:149.16,151.3 1 0
wallet-simulator/internal/repository/repository.go:153.2,153.15 1 0
wallet-simulator/internal/repository/repository.go:153.15,155.3 1 0
wallet-simulator/internal/repository/repository.go:157.2,158.12 2 0
wallet-simulator/internal/seeder/seeder.go:16.30,18.2 1 0
wallet-simulator/internal/seeder/seeder.go:21.31,51.32 4 0
wallet-simulator/internal/seeder/seeder.go:51.32,55.30 2 0
wallet-simulator/internal/seeder/seeder.go:55.30,58.4 2 0
wallet-simulator/internal/seeder/seeder.go:58.9,58.38 1 0
wallet-simulator/internal/seeder/seeder.go:58.38,61.4 2 0
wallet-simulator/internal/seeder/seeder.go:61.9,63.4 1 0
wallet-simulator/internal/seeder/seeder.go:65.3,81.17 2 0
wallet-simulator/internal/seeder/seeder.go:81.17,83.4 1 0
wallet-simulator/internal/seeder/seeder.go:87.3,87.30 1 0
wallet-simulator/internal/seeder/seeder.go:87.30,93.4 1 0
wallet-simulator/internal/seeder/seeder.go:93.9,93.38 1 0
wallet-simulator/internal/seeder/seeder.go:93.38,99.4 1 0
wallet-simulator/internal/seeder/seeder.go:101.3,102.68 1 0
wallet-simulator/internal/seeder/seeder.go:105.2,106.12 2 0
wallet-simulator/internal/seeder/seeder.go:110.32,117.34 3 0
wallet-simulator/internal/seeder/seeder.go:117.34,120.17 3 0
wallet-simulator/internal/seeder/seeder.go:120.17,122.4 1 0
wallet-simulator/internal/seeder/seeder.go:124.3,125.17 2 0
wallet-simulator/internal/seeder/seeder.go:125.17,127.4 1 0
wallet-simulator/internal/seeder/seeder.go:129.3,129.52 1 0
wallet-simulator/internal/seeder/seeder.go:132.2,133.12 2 0
wallet-simulator/internal/handlers/handlers.go:22.86,33.2 6 0
wallet-simulator/internal/handlers/handlers.go:46.57,47.54 1 0
wallet-simulator/internal/handlers/handlers.go:47.54,49.62 2 0
wallet-simulator/internal/handlers/handlers.go:49.62,52.4 2 0
wallet-simulator/internal/handlers/handlers.go:54.3,54.31 1 0
wallet-simulator/internal/handlers/handlers.go:54.31,57.4 2 0
wallet-simulator/internal/handlers/handlers.go:58.3,58.22 1 0
wallet-simulator/internal/handlers/handlers.go:58.22,61.4 2 0
wallet-simulator/internal/handlers/handlers.go:63.3,64.17 2 0
wallet-simulator/internal/handlers/handlers.go:64.17,65.41 1 0
wallet-simulator/internal/handlers/handlers.go:65.41,67.5 1 0
wallet-simulator/internal/handlers/handlers.go:67.10,69.5 1 0
wallet-simulator/internal/handlers/handlers.go:70.4,70.10 1 0
wallet-simulator/internal/handlers/handlers.go:73.3,74.108 2 0
wallet-simulator/internal/handlers/handlers.go:88.66,89.54 1 0
wallet-simulator/internal/handlers/handlers.go:89.54,92.15 3 0
wallet-simulator/internal/handlers/handlers.go:92.15,94.4 1 0
wallet-simulator/internal/handlers/handlers.go:95.3,96.17 2 0
wallet-simulator/internal/handlers/handlers.go:96.17,98.4 1 0
wallet-simulator/internal/handlers/handlers.go:100.3,101.17 2 0
wallet-simulator/internal/handlers/handlers.go:101.17,104.4 2 0
wallet-simulator/internal/handlers/handlers.go:106.3,112.5 2 0
wallet-simulator/internal/handlers/handlers.go:126.61,127.54 1 0
wallet-simulator/internal/handlers/handlers.go:127.54,131.17 3 0
wallet-simulator/internal/handlers/handlers.go:131.17,134.4 2 0
wallet-simulator/internal/handlers/handlers.go:136.3,137.17 2 0
wallet-simulator/internal/handlers/handlers.go:137.17,140.4 2 0
wallet-simulator/internal/handlers/handlers.go:142.3,143.86 2 0
wallet-simulator/internal/handlers/handlers.go:158.59,159.54 1 0
wallet-simulator/internal/handlers/handlers.go:159.54,161.62 2 0
wallet-simulator/internal/handlers/handlers.go:161.62,164.4 2 0
wallet-simulator/internal/handlers/handlers.go:166.3,166.22 1 0
wallet-simulator/internal/handlers/handlers.go:166.22,169.4 2 0
wallet-simulator/internal/handlers/handlers.go:171.3,171.31 1 0
wallet-simulator/internal/handlers/handlers.go:171.31,174.4 2 0
wallet-simulator/internal/handlers/handlers.go:176.3,177.17 2 0
wallet-simulator/internal/handlers/handlers.go:177.17,178.41 1 0
wallet-simulator/internal/handlers/handlers.go:178.41,180.5 1 0
wallet-simulator/internal/handlers/handlers.go:180.10,180.51 1 0
wallet-simulator/internal/handlers/handlers.go:180.51,182.5 1 0
wallet-simulator/internal/handlers/handlers.go:182.10,184.5 1 0
wallet-simulator/internal/handlers/handlers.go:185.4,185.10 1 0
wallet-simulator/internal/handlers/handlers.go:189.3,190.53 2 0
wallet-simulator/internal/handlers/handlers.go:190.53,192.4 1 0
wallet-simulator/internal/handlers/handlers.go:194.3,199.5 2 0
wallet-simulator/internal/handlers/handlers.go:213.57,214.54 1 0
wallet-simulator/internal/handlers/handlers.go:214.54,221.3 3 0
wallet-simulator/internal/handlers/middleware.go:12.76,13.46 1 0
wallet-simulator/internal/handlers/middleware.go:13.46,14.72 1 0
wallet-simulator/internal/handlers/middleware.go:14.72,30.33 10 0
wallet-simulator/internal/handlers/middleware.go:30.33,32.5 1 0
wallet-simulator/internal/handlers/middleware.go:43.49,46.2 2 0
wallet-simulator/docs/docs.go:354.13,356.2 1 0
wallet-simulator/internal/worker/pool.go:25.45,34.31 3 0
wallet-simulator/internal/worker/pool.go:34.31,37.3 2 0
wallet-simulator/internal/worker/pool.go:39.2,40.13 2 0
wallet-simulator/internal/worker/pool.go:44.37,47.6 2 0
wallet-simulator/internal/worker/pool.go:47.6,48.10 1 0
wallet-simulator/internal/worker/pool.go:49.23,51.10 2 0
wallet-simulator/internal/worker/pool.go:52.34,53.11 1 0
wallet-simulator/internal/worker/pool.go:53.11,55.5 1 0
wallet-simulator/internal/worker/pool.go:57.4,58.44 2 0
wallet-simulator/internal/worker/pool.go:58.44,60.5 1 0
wallet-simulator/internal/worker/pool.go:61.4,61.12 1 0
wallet-simulator/internal/worker/pool.go:67.46,68.9 1 0
wallet-simulator/internal/worker/pool.go:69.22,70.23 1 0
wallet-simulator/internal/worker/pool.go:71.27,72.13 1 0
wallet-simulator/internal/worker/pool.go:73.10,74.22 1 0
wallet-simulator/internal/worker/pool.go:79.78,80.9 1 0
wallet-simulator/internal/worker/pool.go:81.22,82.23 1 0
wallet-simulator/internal/worker/pool.go:83.20,84.19 1 0
wallet-simulator/internal/worker/pool.go:85.27,86.13 1 0
wallet-simulator/internal/worker/pool.go:91.60,95.12 3 0
wallet-simulator/internal/worker/pool.go:95.12,98.3 2 0
wallet-simulator/internal/worker/pool.go:100.2,100.9 1 0
wallet-simulator/internal/worker/pool.go:101.14,103.13 2 0
wallet-simulator/internal/worker/pool.go:104.29,106.28 2 0
wallet-simulator/internal/worker/pool.go:111.43,113.2 1 0
